<?xml version='1.0' encoding='UTF-8'?>
<result>
  <suites>
    <suite>
      <file>/home/niklas/.jenkins/jobs/router20_local/workspace/code/local/target/surefire-reports/TEST-eu.route20.local.BlockingRouterTest.xml</file>
      <name>eu.route20.local.BlockingRouterTest</name>
      <duration>0.003</duration>
      <cases>
        <case>
          <duration>0.003</duration>
          <className>eu.route20.local.BlockingRouterTest</className>
          <testName>unRegisteredSubsAreNotInvokedOnEvent</testName>
          <skipped>false</skipped>
          <failedSince>0</failedSince>
        </case>
        <case>
          <duration>0.0</duration>
          <className>eu.route20.local.BlockingRouterTest</className>
          <testName>registeredSubsAreInvokedOnEvent</testName>
          <skipped>false</skipped>
          <failedSince>0</failedSince>
        </case>
      </cases>
    </suite>
    <suite>
      <file>/home/niklas/.jenkins/jobs/router20_local/workspace/code/local/target/surefire-reports/TEST-eu.route20.local.NonBlockingRouterTest.xml</file>
      <name>eu.route20.local.NonBlockingRouterTest</name>
      <duration>1.2179999</duration>
      <cases>
        <case>
          <duration>0.216</duration>
          <className>eu.route20.local.NonBlockingRouterTest</className>
          <testName>registeringStatusChangesWontBreakEventQueueThreads</testName>
          <skipped>false</skipped>
          <failedSince>0</failedSince>
        </case>
        <case>
          <duration>1.002</duration>
          <className>eu.route20.local.NonBlockingRouterTest</className>
          <testName>controlReturnsImmediatelyAfterCall</testName>
          <skipped>false</skipped>
          <failedSince>0</failedSince>
        </case>
      </cases>
    </suite>
  </suites>
  <duration>1.221</duration>
  <keepLongStdio>false</keepLongStdio>
</result>