<?xml version='1.0' encoding='UTF-8'?>
<result>
  <suites>
    <suite>
      <file>/home/niklas/.jenkins/jobs/router20_local/workspace/code/local-router/target/surefire-reports/TEST-route20.local.BlockingRouterTest.xml</file>
      <name>route20.local.BlockingRouterTest</name>
      <duration>0.004</duration>
      <cases>
        <case>
          <duration>0.004</duration>
          <className>route20.local.BlockingRouterTest</className>
          <testName>unRegisteredSubsAreNotInvokedOnEvent</testName>
          <skipped>false</skipped>
          <failedSince>0</failedSince>
        </case>
        <case>
          <duration>0.0</duration>
          <className>route20.local.BlockingRouterTest</className>
          <testName>registeredSubsAreInvokedOnEvent</testName>
          <skipped>false</skipped>
          <failedSince>0</failedSince>
        </case>
      </cases>
    </suite>
    <suite>
      <file>/home/niklas/.jenkins/jobs/router20_local/workspace/code/local-router/target/surefire-reports/TEST-route20.local.NonBlockingRouterTest.xml</file>
      <name>route20.local.NonBlockingRouterTest</name>
      <duration>1.26</duration>
      <cases>
        <case>
          <duration>0.259</duration>
          <className>route20.local.NonBlockingRouterTest</className>
          <testName>registeringStatusChangesWontBreakEventQueueThreads</testName>
          <skipped>false</skipped>
          <failedSince>0</failedSince>
        </case>
        <case>
          <duration>1.001</duration>
          <className>route20.local.NonBlockingRouterTest</className>
          <testName>controlReturnsImmediatelyAfterCall</testName>
          <skipped>false</skipped>
          <failedSince>0</failedSince>
        </case>
      </cases>
    </suite>
  </suites>
  <duration>1.2639999</duration>
  <keepLongStdio>false</keepLongStdio>
</result>