<?xml version='1.0' encoding='UTF-8'?>
<result>
  <suites>
    <suite>
      <file>/home/niklas/.jenkins/jobs/route20_api/workspace/code/api/target/surefire-reports/TEST-eu.route20.api.R20Test.xml</file>
      <name>eu.route20.api.R20Test</name>
      <duration>0.11900001</duration>
      <cases>
        <case>
          <duration>0.114</duration>
          <className>eu.route20.api.R20Test</className>
          <testName>firedEventIsRoutedToAllRegisteredSubscribers</testName>
          <skipped>false</skipped>
          <failedSince>0</failedSince>
        </case>
        <case>
          <duration>0.0</duration>
          <className>eu.route20.api.R20Test</className>
          <testName>firedEventIsRoutedToRegisteredSubscriber</testName>
          <skipped>false</skipped>
          <failedSince>0</failedSince>
        </case>
        <case>
          <duration>0.001</duration>
          <className>eu.route20.api.R20Test</className>
          <testName>cantRegisterSubscriberToUninitializedRouter</testName>
          <skipped>false</skipped>
          <failedSince>0</failedSince>
        </case>
        <case>
          <duration>0.001</duration>
          <className>eu.route20.api.R20Test</className>
          <testName>createsRouterForEventType</testName>
          <skipped>false</skipped>
          <failedSince>0</failedSince>
        </case>
        <case>
          <duration>0.001</duration>
          <className>eu.route20.api.R20Test</className>
          <testName>nullCheckForEventType</testName>
          <skipped>false</skipped>
          <failedSince>0</failedSince>
        </case>
        <case>
          <duration>0.001</duration>
          <className>eu.route20.api.R20Test</className>
          <testName>nullCheckForEventTypeOnSubscriberRegistering</testName>
          <skipped>false</skipped>
          <failedSince>0</failedSince>
        </case>
        <case>
          <duration>0.001</duration>
          <className>eu.route20.api.R20Test</className>
          <testName>nullCheckForSubscriberToEventTypeRegistering</testName>
          <skipped>false</skipped>
          <failedSince>0</failedSince>
        </case>
      </cases>
    </suite>
  </suites>
  <duration>0.11900001</duration>
  <keepLongStdio>false</keepLongStdio>
</result>